c:\users\daso\documents\github\tetrhythm\tetrhythm_sourcecode\x64\debug\vc142.pdb
c:\users\daso\documents\github\tetrhythm\tetrhythm_sourcecode\x64\debug\vc142.idb
c:\users\daso\documents\github\tetrhythm\tetrhythm_sourcecode\x64\debug\windowmanager.obj
c:\users\daso\documents\github\tetrhythm\tetrhythm_sourcecode\x64\debug\print.obj
c:\users\daso\documents\github\tetrhythm\tetrhythm_sourcecode\x64\debug\sdl2testmain.obj
c:\users\daso\documents\github\tetrhythm\tetrhythm_sourcecode\x64\debug\main.obj
c:\users\daso\documents\github\tetrhythm\tetrhythm_sourcecode\x64\debug\characters.obj
c:\users\daso\documents\github\tetrhythm\tetrhythm_sourcecode\x64\debug\charactermain.obj
c:\users\daso\documents\github\tetrhythm\tetrhythm_sourcecode\x64\debug\tetrhythm_sourcecode.exe
c:\users\daso\documents\github\tetrhythm\tetrhythm_sourcecode\x64\debug\tetrhythm_sourcecode.ilk
c:\users\daso\documents\github\tetrhythm\tetrhythm_sourcecode\x64\debug\tetrhythm_sourcecode.pdb
c:\users\daso\documents\github\tetrhythm\tetrhythm_sourcecode\x64\debug\tetrhythm_sourcecode1.res
c:\users\daso\documents\github\tetrhythm\tetrhythm_sourcecode\x64\debug\characters.obj.enc
c:\users\daso\documents\github\tetrhythm\tetrhythm_sourcecode\x64\debug\tetrhyth.660cd5e3.tlog\cl.command.1.tlog
c:\users\daso\documents\github\tetrhythm\tetrhythm_sourcecode\x64\debug\tetrhyth.660cd5e3.tlog\cl.read.1.tlog
c:\users\daso\documents\github\tetrhythm\tetrhythm_sourcecode\x64\debug\tetrhyth.660cd5e3.tlog\cl.write.1.tlog
c:\users\daso\documents\github\tetrhythm\tetrhythm_sourcecode\x64\debug\tetrhyth.660cd5e3.tlog\link.command.1.tlog
c:\users\daso\documents\github\tetrhythm\tetrhythm_sourcecode\x64\debug\tetrhyth.660cd5e3.tlog\link.read.1.tlog
c:\users\daso\documents\github\tetrhythm\tetrhythm_sourcecode\x64\debug\tetrhyth.660cd5e3.tlog\link.write.1.tlog
c:\users\daso\documents\github\tetrhythm\tetrhythm_sourcecode\x64\debug\tetrhyth.660cd5e3.tlog\rc.command.1.tlog
c:\users\daso\documents\github\tetrhythm\tetrhythm_sourcecode\x64\debug\tetrhyth.660cd5e3.tlog\rc.read.1.tlog
c:\users\daso\documents\github\tetrhythm\tetrhythm_sourcecode\x64\debug\tetrhyth.660cd5e3.tlog\rc.write.1.tlog
